<?xml version="1.0" encoding="UTF-8"?>
<testsuite name="com.bridgelabz.FindMaximumTest" tests="1" skipped="0" failures="0" errors="0" timestamp="2021-06-06T19:13:39" hostname="LAPTOP-OKMRMTOT" time="0.002">
  <properties/>
  <testcase name="givenFloat_whenFirstFloatIsMax_ReturnSame" classname="com.bridgelabz.FindMaximumTest" time="0.002"/>
  <system-out><![CDATA[]]></system-out>
  <system-err><![CDATA[]]></system-err>
</testsuite>
